{"E:\\CSVT\\Intern Shite\\server\\cred.js": {"path":"E:\\CSVT\\Intern Shite\\server\\cred.js","statementMap":{"0":{"start":{"line":2,"column":0},"end":{"line":2,"column":16}},"1":{"start":{"line":3,"column":24},"end":{"line":3,"column":73}},"2":{"start":{"line":5,"column":2},"end":{"line":5,"column":56}},"3":{"start":{"line":6,"column":11},"end":{"line":6,"column":32}},"4":{"start":{"line":7,"column":10},"end":{"line":7,"column":34}},"5":{"start":{"line":8,"column":18},"end":{"line":8,"column":29}}},"fnMap":{},"branchMap":{},"s":{"0":1,"1":1,"2":1,"3":1,"4":1,"5":1},"f":{},"b":{},"_coverageSchema":"1a1c01bbd47fc00a2c39e90264f33305004495a9","hash":"42f85e530e445817e1109d38c086d33622227d1c"}
,"E:\\CSVT\\Intern Shite\\server\\endpointFunctions.js": {"path":"E:\\CSVT\\Intern Shite\\server\\endpointFunctions.js","statementMap":{"0":{"start":{"line":7,"column":18},"end":{"line":7,"column":22}},"1":{"start":{"line":10,"column":40},"end":{"line":10,"column":49}},"2":{"start":{"line":11,"column":2},"end":{"line":34,"column":3}},"3":{"start":{"line":12,"column":18},"end":{"line":12,"column":22}},"4":{"start":{"line":13,"column":18},"end":{"line":13,"column":28}},"5":{"start":{"line":14,"column":4},"end":{"line":29,"column":31}},"6":{"start":{"line":15,"column":6},"end":{"line":20,"column":9}},"7":{"start":{"line":21,"column":6},"end":{"line":27,"column":7}},"8":{"start":{"line":22,"column":8},"end":{"line":26,"column":58}},"9":{"start":{"line":23,"column":10},"end":{"line":23,"column":34}},"10":{"start":{"line":24,"column":13},"end":{"line":26,"column":58}},"11":{"start":{"line":25,"column":10},"end":{"line":25,"column":53}},"12":{"start":{"line":26,"column":13},"end":{"line":26,"column":58}},"13":{"start":{"line":28,"column":6},"end":{"line":28,"column":39}},"14":{"start":{"line":30,"column":4},"end":{"line":30,"column":23}},"15":{"start":{"line":33,"column":4},"end":{"line":33,"column":24}},"16":{"start":{"line":38,"column":2},"end":{"line":39,"column":26}},"17":{"start":{"line":38,"column":28},"end":{"line":38,"column":48}},"18":{"start":{"line":39,"column":7},"end":{"line":39,"column":26}},"19":{"start":{"line":44,"column":20},"end":{"line":44,"column":32}},"20":{"start":{"line":45,"column":2},"end":{"line":58,"column":3}},"21":{"start":{"line":46,"column":4},"end":{"line":46,"column":71}},"22":{"start":{"line":46,"column":59},"end":{"line":46,"column":71}},"23":{"start":{"line":47,"column":20},"end":{"line":53,"column":6}},"24":{"start":{"line":55,"column":4},"end":{"line":55,"column":43}},"25":{"start":{"line":57,"column":4},"end":{"line":57,"column":24}}},"fnMap":{"0":{"name":"ready","decl":{"start":{"line":9,"column":22},"end":{"line":9,"column":27}},"loc":{"start":{"line":9,"column":38},"end":{"line":35,"column":1}},"line":9},"1":{"name":"serveFile","decl":{"start":{"line":37,"column":16},"end":{"line":37,"column":25}},"loc":{"start":{"line":37,"column":42},"end":{"line":40,"column":1}},"line":37},"2":{"name":"requester","decl":{"start":{"line":42,"column":22},"end":{"line":42,"column":31}},"loc":{"start":{"line":42,"column":42},"end":{"line":59,"column":1}},"line":42}},"branchMap":{"0":{"loc":{"start":{"line":22,"column":8},"end":{"line":26,"column":58}},"type":"if","locations":[{"start":{"line":22,"column":8},"end":{"line":26,"column":58}},{"start":{"line":24,"column":13},"end":{"line":26,"column":58}}],"line":22},"1":{"loc":{"start":{"line":24,"column":13},"end":{"line":26,"column":58}},"type":"if","locations":[{"start":{"line":24,"column":13},"end":{"line":26,"column":58}},{"start":{"line":26,"column":13},"end":{"line":26,"column":58}}],"line":24},"2":{"loc":{"start":{"line":38,"column":2},"end":{"line":39,"column":26}},"type":"if","locations":[{"start":{"line":38,"column":2},"end":{"line":39,"column":26}},{"start":{"line":39,"column":7},"end":{"line":39,"column":26}}],"line":38},"3":{"loc":{"start":{"line":46,"column":4},"end":{"line":46,"column":71}},"type":"if","locations":[{"start":{"line":46,"column":4},"end":{"line":46,"column":71}},{"start":{},"end":{}}],"line":46},"4":{"loc":{"start":{"line":46,"column":8},"end":{"line":46,"column":57}},"type":"binary-expr","locations":[{"start":{"line":46,"column":8},"end":{"line":46,"column":28}},{"start":{"line":46,"column":32},"end":{"line":46,"column":57}}],"line":46}},"s":{"0":1,"1":2,"2":2,"3":2,"4":2,"5":2,"6":4,"7":4,"8":202,"9":8,"10":194,"11":186,"12":8,"13":4,"14":2,"15":1,"16":5,"17":1,"18":4,"19":2,"20":2,"21":2,"22":1,"23":1,"24":1,"25":1},"f":{"0":2,"1":5,"2":2},"b":{"0":[8,194],"1":[186,8],"2":[1,4],"3":[1,1],"4":[2,2]},"_coverageSchema":"1a1c01bbd47fc00a2c39e90264f33305004495a9","hash":"0cfc437304093917558d40d20e72ac0a6dd3cd8c"}
,"E:\\CSVT\\Intern Shite\\server\\server.js": {"path":"E:\\CSVT\\Intern Shite\\server\\server.js","statementMap":{"0":{"start":{"line":6,"column":19},"end":{"line":6,"column":28}},"1":{"start":{"line":7,"column":20},"end":{"line":7,"column":44}},"2":{"start":{"line":9,"column":0},"end":{"line":11,"column":2}},"3":{"start":{"line":10,"column":2},"end":{"line":10,"column":71}},"4":{"start":{"line":12,"column":0},"end":{"line":14,"column":2}},"5":{"start":{"line":13,"column":2},"end":{"line":13,"column":70}},"6":{"start":{"line":15,"column":0},"end":{"line":17,"column":2}},"7":{"start":{"line":16,"column":2},"end":{"line":16,"column":70}},"8":{"start":{"line":18,"column":0},"end":{"line":20,"column":2}},"9":{"start":{"line":19,"column":2},"end":{"line":19,"column":70}},"10":{"start":{"line":22,"column":0},"end":{"line":22,"column":55}},"11":{"start":{"line":22,"column":38},"end":{"line":22,"column":53}},"12":{"start":{"line":24,"column":0},"end":{"line":24,"column":63}},"13":{"start":{"line":24,"column":42},"end":{"line":24,"column":61}},"14":{"start":{"line":26,"column":0},"end":{"line":26,"column":58}}},"fnMap":{"0":{"name":"(anonymous_0)","decl":{"start":{"line":9,"column":13},"end":{"line":9,"column":14}},"loc":{"start":{"line":10,"column":2},"end":{"line":10,"column":71}},"line":10},"1":{"name":"(anonymous_1)","decl":{"start":{"line":12,"column":29},"end":{"line":12,"column":30}},"loc":{"start":{"line":13,"column":2},"end":{"line":13,"column":70}},"line":13},"2":{"name":"(anonymous_2)","decl":{"start":{"line":15,"column":29},"end":{"line":15,"column":30}},"loc":{"start":{"line":16,"column":2},"end":{"line":16,"column":70}},"line":16},"3":{"name":"(anonymous_3)","decl":{"start":{"line":18,"column":29},"end":{"line":18,"column":30}},"loc":{"start":{"line":19,"column":2},"end":{"line":19,"column":70}},"line":19},"4":{"name":"(anonymous_4)","decl":{"start":{"line":22,"column":18},"end":{"line":22,"column":19}},"loc":{"start":{"line":22,"column":38},"end":{"line":22,"column":53}},"line":22},"5":{"name":"(anonymous_5)","decl":{"start":{"line":24,"column":22},"end":{"line":24,"column":23}},"loc":{"start":{"line":24,"column":42},"end":{"line":24,"column":61}},"line":24}},"branchMap":{"0":{"loc":{"start":{"line":7,"column":20},"end":{"line":7,"column":44}},"type":"binary-expr","locations":[{"start":{"line":7,"column":20},"end":{"line":7,"column":36}},{"start":{"line":7,"column":40},"end":{"line":7,"column":44}}],"line":7}},"s":{"0":1,"1":1,"2":1,"3":1,"4":1,"5":1,"6":1,"7":1,"8":1,"9":1,"10":1,"11":1,"12":1,"13":2,"14":1},"f":{"0":1,"1":1,"2":1,"3":1,"4":1,"5":2},"b":{"0":[1,1]},"_coverageSchema":"1a1c01bbd47fc00a2c39e90264f33305004495a9","hash":"8b396eb3e92b8c85b7f14192b348468ec153db42"}
}
