TN:
SF:cred.js
FNF:0
FNH:0
DA:2,1
DA:3,1
DA:5,1
DA:6,1
DA:7,1
DA:8,1
LF:6
LH:6
BRF:0
BRH:0
end_of_record
TN:
SF:endpointFunctions.js
FN:9,ready
FN:37,serveFile
FN:42,requester
FNF:3
FNH:3
FNDA:2,ready
FNDA:5,serveFile
FNDA:2,requester
DA:7,1
DA:10,2
DA:11,2
DA:12,2
DA:13,2
DA:14,2
DA:15,4
DA:21,4
DA:22,202
DA:23,8
DA:24,194
DA:25,186
DA:26,8
DA:28,4
DA:30,2
DA:33,1
DA:38,5
DA:39,4
DA:44,2
DA:45,2
DA:46,2
DA:47,1
DA:55,1
DA:57,1
LF:24
LH:24
BRDA:22,0,0,8
BRDA:22,0,1,194
BRDA:24,1,0,186
BRDA:24,1,1,8
BRDA:38,2,0,1
BRDA:38,2,1,4
BRDA:46,3,0,1
BRDA:46,3,1,1
BRDA:46,4,0,2
BRDA:46,4,1,2
BRF:10
BRH:10
end_of_record
TN:
SF:server.js
FN:9,(anonymous_0)
FN:12,(anonymous_1)
FN:15,(anonymous_2)
FN:18,(anonymous_3)
FN:22,(anonymous_4)
FN:24,(anonymous_5)
FNF:6
FNH:6
FNDA:1,(anonymous_0)
FNDA:1,(anonymous_1)
FNDA:1,(anonymous_2)
FNDA:1,(anonymous_3)
FNDA:1,(anonymous_4)
FNDA:2,(anonymous_5)
DA:6,1
DA:7,1
DA:9,1
DA:10,1
DA:12,1
DA:13,1
DA:15,1
DA:16,1
DA:18,1
DA:19,1
DA:22,1
DA:24,2
DA:26,1
LF:13
LH:13
BRDA:7,0,0,1
BRDA:7,0,1,1
BRF:2
BRH:2
end_of_record
